<?xml version="1.0" encoding="UTF-8"?>
<!-- Generated by org.testng.reporters.JUnitXMLReporter -->
<testsuite hostname="192.168.1.20" ignored="0" name="NegativeLogin" tests="5" failures="0" timestamp="2020-05-12T14:46:00 WIB" time="100.372" errors="0">
  <testcase name="invalidUsername" time="17.825" classname="tests.NegativeLogin"/>
  <testcase name="invalidPassword" time="19.944" classname="tests.NegativeLogin"/>
  <testcase name="blankUsername" time="20.657" classname="tests.NegativeLogin"/>
  <testcase name="blankPassword" time="18.746" classname="tests.NegativeLogin"/>
  <testcase name="blankUsernameAndPassword" time="12.956" classname="tests.NegativeLogin"/>
</testsuite> <!-- NegativeLogin -->
