<?xml version="1.0" encoding="UTF-8"?>
<!-- Generated by org.testng.reporters.JUnitXMLReporter -->
<testsuite hostname="air-jihan" ignored="0" name="NegativeLogin" tests="5" failures="0" timestamp="2020-05-08T14:11:12 WIB" time="97.47" errors="0">
  <testcase name="invalidUsername" time="18.167" classname="tests.NegativeLogin"/>
  <testcase name="invalidPassword" time="18.809" classname="tests.NegativeLogin"/>
  <testcase name="blankUsername" time="17.825" classname="tests.NegativeLogin"/>
  <testcase name="blankPassword" time="18.409" classname="tests.NegativeLogin"/>
  <testcase name="blankUsernameAndPassword" time="12.038" classname="tests.NegativeLogin"/>
</testsuite> <!-- NegativeLogin -->
