<?xml version="1.0" encoding="UTF-8"?>
<!-- Generated by org.testng.reporters.JUnitXMLReporter -->
<testsuite hostname="air-jihan" ignored="0" name="NegativeRegistration" tests="5" failures="0" timestamp="2020-05-08T14:12:46 WIB" time="94.135" errors="0">
  <testcase name="firstNameMaxLengthChar" time="19.255" classname="tests.NegativeRegistration"/>
  <testcase name="lastNameMaxLengthChar" time="19.395" classname="tests.NegativeRegistration"/>
  <testcase name="invalidEmailFormat" time="19.19" classname="tests.NegativeRegistration"/>
  <testcase name="passwordLess6Characters" time="12.81" classname="tests.NegativeRegistration"/>
  <testcase name="passwordMore20Characters" time="11.391" classname="tests.NegativeRegistration"/>
</testsuite> <!-- NegativeRegistration -->
