<?xml version="1.0" encoding="UTF-8"?>
<!-- Generated by org.testng.reporters.JUnitXMLReporter -->
<testsuite hostname="192.168.1.20" ignored="0" name="NegativeRegistration" tests="5" failures="0" timestamp="2020-05-12T14:47:32 WIB" time="91.829" errors="0">
  <testcase name="firstNameMaxLengthChar" time="18.114" classname="tests.NegativeRegistration"/>
  <testcase name="lastNameMaxLengthChar" time="19.579" classname="tests.NegativeRegistration"/>
  <testcase name="invalidEmailFormat" time="18.753" classname="tests.NegativeRegistration"/>
  <testcase name="passwordLess6Characters" time="12.309" classname="tests.NegativeRegistration"/>
  <testcase name="passwordMore20Characters" time="11.347" classname="tests.NegativeRegistration"/>
</testsuite> <!-- NegativeRegistration -->
