<?xml version="1.0" encoding="UTF-8"?>
<!-- Generated by org.testng.reporters.JUnitXMLReporter -->
<testsuite hostname="air-jihan" ignored="0" name="NegativeRegistration" tests="5" failures="0" timestamp="2020-05-06T16:04:44 WIB" time="96.232" errors="0">
  <testcase name="firstNameMaxLengthChar" time="18.087" classname="tests.NegativeRegistration"/>
  <testcase name="lastNameMaxLengthChar" time="21.051" classname="tests.NegativeRegistration"/>
  <testcase name="invalidEmailFormat" time="12.375" classname="tests.NegativeRegistration"/>
  <testcase name="passwordLess6Characters" time="10.681" classname="tests.NegativeRegistration"/>
  <testcase name="passwordMore20Characters" time="19.294" classname="tests.NegativeRegistration"/>
</testsuite> <!-- NegativeRegistration -->
