<?xml version="1.0" encoding="UTF-8"?>
<!-- Generated by org.testng.reporters.JUnitXMLReporter -->
<testsuite hostname="air-jihan" ignored="0" name="NegativeLogin" tests="5" failures="0" timestamp="2020-05-01T02:56:00 WIB" time="120.54" errors="0">
  <testcase name="invalidUsername" time="18.688" classname="tests.NegativeLogin"/>
  <testcase name="invalidPassword" time="29.169" classname="tests.NegativeLogin"/>
  <testcase name="blankUsername" time="26.655" classname="tests.NegativeLogin"/>
  <testcase name="blankPassword" time="22.416" classname="tests.NegativeLogin"/>
  <testcase name="blankUsernameAndPassword" time="12.4" classname="tests.NegativeLogin"/>
</testsuite> <!-- NegativeLogin -->
