<?xml version="1.0" encoding="UTF-8"?>
<testng-results skipped="0" failed="0" ignored="0" total="1" passed="1">
  <reporter-output>
  </reporter-output>
  <suite name="Default suite" duration-ms="83322" started-at="2020-05-08T14:24:25 WIB" finished-at="2020-05-08T14:25:48 WIB">
    <groups>
    </groups>
    <test name="Default test" duration-ms="83322" started-at="2020-05-08T14:24:25 WIB" finished-at="2020-05-08T14:25:48 WIB">
      <class name="tests.PositiveLogin">
        <test-method status="PASS" signature="setup()[pri:0, instance:tests.PositiveLogin@53f65459]" name="setup" is-config="true" duration-ms="64076" started-at="2020-05-08T14:24:25 WIB" finished-at="2020-05-08T14:25:29 WIB">
          <reporter-output>
          </reporter-output>
        </test-method> <!-- setup -->
        <test-method status="PASS" signature="testLogin()[pri:1, instance:tests.PositiveLogin@53f65459]" name="testLogin" duration-ms="19154" started-at="2020-05-08T14:25:29 WIB" finished-at="2020-05-08T14:25:48 WIB">
          <reporter-output>
          </reporter-output>
        </test-method> <!-- testLogin -->
        <test-method status="PASS" signature="teardown()[pri:0, instance:tests.PositiveLogin@53f65459]" name="teardown" is-config="true" duration-ms="26" started-at="2020-05-08T14:25:48 WIB" finished-at="2020-05-08T14:25:48 WIB">
          <reporter-output>
          </reporter-output>
        </test-method> <!-- teardown -->
      </class> <!-- tests.PositiveLogin -->
    </test> <!-- Default test -->
  </suite> <!-- Default suite -->
</testng-results>
