<?xml version="1.0" encoding="UTF-8"?>
<testng-results skipped="0" failed="0" ignored="0" total="1" passed="1">
  <reporter-output>
  </reporter-output>
  <suite name="Default suite" duration-ms="22461" started-at="2020-06-01T18:38:04 WIB" finished-at="2020-06-01T18:38:26 WIB">
    <groups>
    </groups>
    <test name="Default test" duration-ms="22461" started-at="2020-06-01T18:38:04 WIB" finished-at="2020-06-01T18:38:26 WIB">
      <class name="tests.CancelChangePassword">
        <test-method status="PASS" signature="beforeSuite()[pri:0, instance:tests.CancelChangePassword@57e1b0c]" name="beforeSuite" is-config="true" duration-ms="226" started-at="2020-06-01T18:38:04 WIB" finished-at="2020-06-01T18:38:04 WIB">
          <reporter-output>
          </reporter-output>
        </test-method> <!-- beforeSuite -->
        <test-method status="PASS" signature="setup()[pri:0, instance:tests.CancelChangePassword@57e1b0c]" name="setup" is-config="true" duration-ms="6276" started-at="2020-06-01T18:38:04 WIB" finished-at="2020-06-01T18:38:10 WIB">
          <reporter-output>
          </reporter-output>
        </test-method> <!-- setup -->
        <test-method status="PASS" signature="beforeMethod(java.lang.reflect.Method)[pri:0, instance:tests.CancelChangePassword@57e1b0c]" name="beforeMethod" is-config="true" duration-ms="6" started-at="2020-06-01T18:38:10 WIB" finished-at="2020-06-01T18:38:10 WIB">
          <params>
            <param index="0">
              <value>
                <![CDATA[public void tests.CancelChangePassword.cancelChangePassword()]]>
              </value>
            </param>
          </params>
          <reporter-output>
          </reporter-output>
        </test-method> <!-- beforeMethod -->
        <test-method status="PASS" signature="cancelChangePassword()[pri:1, instance:tests.CancelChangePassword@57e1b0c]" name="cancelChangePassword" duration-ms="16137" started-at="2020-06-01T18:38:10 WIB" finished-at="2020-06-01T18:38:26 WIB">
          <reporter-output>
          </reporter-output>
        </test-method> <!-- cancelChangePassword -->
        <test-method status="PASS" signature="getResult(org.testng.ITestResult, java.lang.reflect.Method)[pri:0, instance:tests.CancelChangePassword@57e1b0c]" name="getResult" is-config="true" duration-ms="5" started-at="2020-06-01T18:38:26 WIB" finished-at="2020-06-01T18:38:26 WIB">
          <params>
            <param index="0">
              <value>
                <![CDATA[[TestResult name=cancelChangePassword status=SUCCESS method=CancelChangePassword.cancelChangePassword()[pri:1, instance:tests.CancelChangePassword@57e1b0c] output={null}]]]>
              </value>
            </param>
            <param index="1">
              <value>
                <![CDATA[public void tests.CancelChangePassword.cancelChangePassword()]]>
              </value>
            </param>
          </params>
          <reporter-output>
          </reporter-output>
        </test-method> <!-- getResult -->
        <test-method status="PASS" signature="teardown()[pri:0, instance:tests.CancelChangePassword@57e1b0c]" name="teardown" is-config="true" duration-ms="1038" started-at="2020-06-01T18:38:26 WIB" finished-at="2020-06-01T18:38:27 WIB">
          <reporter-output>
          </reporter-output>
        </test-method> <!-- teardown -->
        <test-method status="PASS" signature="endReport()[pri:0, instance:tests.CancelChangePassword@57e1b0c]" name="endReport" is-config="true" duration-ms="291" started-at="2020-06-01T18:38:27 WIB" depends-on-methods="pages.BaseClass.teardown" finished-at="2020-06-01T18:38:28 WIB">
          <reporter-output>
          </reporter-output>
        </test-method> <!-- endReport -->
      </class> <!-- tests.CancelChangePassword -->
    </test> <!-- Default test -->
  </suite> <!-- Default suite -->
</testng-results>
